[2019-07-12 14:13:02] local.ERROR: SQLSTATE[42S21]: Column already exists: 1060 Duplicate column name 'driver_license' (SQL: alter table `vehicles` add `status` tinyint not null default '1', add `driver_license` varchar(500) null, add `vehicle_registration` varchar(500) null, add `vehicle_insurance` varchar(500) null) {"exception":"[object] (Illuminate\\Database\\QueryException(code: 42S21): SQLSTATE[42S21]: Column already exists: 1060 Duplicate column name 'driver_license' (SQL: alter table `vehicles` add `status` tinyint not null default '1', add `driver_license` varchar(500) null, add `vehicle_registration` varchar(500) null, add `vehicle_insurance` varchar(500) null) at C:\\xampp\\htdocs\\uberclone\\vendor\\laravel\\framework\\src\\Illuminate\\Database\\Connection.php:664, Doctrine\\DBAL\\Driver\\PDOException(code: 42S21): SQLSTATE[42S21]: Column already exists: 1060 Duplicate column name 'driver_license' at C:\\xampp\\htdocs\\uberclone\\vendor\\doctrine\\dbal\\lib\\Doctrine\\DBAL\\Driver\\PDOStatement.php:119, PDOException(code: 42S21): SQLSTATE[42S21]: Column already exists: 1060 Duplicate column name 'driver_license' at C:\\xampp\\htdocs\\uberclone\\vendor\\doctrine\\dbal\\lib\\Doctrine\\DBAL\\Driver\\PDOStatement.php:117)
[stacktrace]
#0 C:\\xampp\\htdocs\\uberclone\\vendor\\laravel\\framework\\src\\Illuminate\\Database\\Connection.php(624): Illuminate\\Database\\Connection->runQueryCallback('alter table `ve...', Array, Object(Closure))
#1 C:\\xampp\\htdocs\\uberclone\\vendor\\laravel\\framework\\src\\Illuminate\\Database\\Connection.php(459): Illuminate\\Database\\Connection->run('alter table `ve...', Array, Object(Closure))
#2 C:\\xampp\\htdocs\\uberclone\\vendor\\laravel\\framework\\src\\Illuminate\\Database\\Schema\\Blueprint.php(97): Illuminate\\Database\\Connection->statement('alter table `ve...')
#3 C:\\xampp\\htdocs\\uberclone\\vendor\\laravel\\framework\\src\\Illuminate\\Database\\Schema\\Builder.php(278): Illuminate\\Database\\Schema\\Blueprint->build(Object(Illuminate\\Database\\MySqlConnection), Object(Illuminate\\Database\\Schema\\Grammars\\MySqlGrammar))
#4 C:\\xampp\\htdocs\\uberclone\\vendor\\laravel\\framework\\src\\Illuminate\\Database\\Schema\\Builder.php(151): Illuminate\\Database\\Schema\\Builder->build(Object(Illuminate\\Database\\Schema\\Blueprint))
#5 C:\\xampp\\htdocs\\uberclone\\vendor\\laravel\\framework\\src\\Illuminate\\Support\\Facades\\Facade.php(237): Illuminate\\Database\\Schema\\Builder->table('vehicles', Object(Closure))
#6 C:\\xampp\\htdocs\\uberclone\\database\\migrations\\2019_07_10_080622_add_status_to_vehicles_table.php(21): Illuminate\\Support\\Facades\\Facade::__callStatic('table', Array)
#7 C:\\xampp\\htdocs\\uberclone\\vendor\\laravel\\framework\\src\\Illuminate\\Database\\Migrations\\Migrator.php(379): AddStatusToVehiclesTable->up()
#8 C:\\xampp\\htdocs\\uberclone\\vendor\\laravel\\framework\\src\\Illuminate\\Database\\Migrations\\Migrator.php(388): Illuminate\\Database\\Migrations\\Migrator->Illuminate\\Database\\Migrations\\{closure}()
#9 C:\\xampp\\htdocs\\uberclone\\vendor\\laravel\\framework\\src\\Illuminate\\Database\\Migrations\\Migrator.php(195): Illuminate\\Database\\Migrations\\Migrator->runMigration(Object(AddStatusToVehiclesTable), 'up')
#10 C:\\xampp\\htdocs\\uberclone\\vendor\\laravel\\framework\\src\\Illuminate\\Database\\Migrations\\Migrator.php(162): Illuminate\\Database\\Migrations\\Migrator->runUp('C:\\\\xampp\\\\htdocs...', 1, false)
#11 C:\\xampp\\htdocs\\uberclone\\vendor\\laravel\\framework\\src\\Illuminate\\Database\\Migrations\\Migrator.php(109): Illuminate\\Database\\Migrations\\Migrator->runPending(Array, Array)
#12 C:\\xampp\\htdocs\\uberclone\\vendor\\laravel\\framework\\src\\Illuminate\\Database\\Console\\Migrations\\MigrateCommand.php(71): Illuminate\\Database\\Migrations\\Migrator->run(Array, Array)
#13 [internal function]: Illuminate\\Database\\Console\\Migrations\\MigrateCommand->handle()
#14 C:\\xampp\\htdocs\\uberclone\\vendor\\laravel\\framework\\src\\Illuminate\\Container\\BoundMethod.php(32): call_user_func_array(Array, Array)
#15 C:\\xampp\\htdocs\\uberclone\\vendor\\laravel\\framework\\src\\Illuminate\\Container\\BoundMethod.php(90): Illuminate\\Container\\BoundMethod::Illuminate\\Container\\{closure}()
#16 C:\\xampp\\htdocs\\uberclone\\vendor\\laravel\\framework\\src\\Illuminate\\Container\\BoundMethod.php(34): Illuminate\\Container\\BoundMethod::callBoundMethod(Object(Illuminate\\Foundation\\Application), Array, Object(Closure))
#17 C:\\xampp\\htdocs\\uberclone\\vendor\\laravel\\framework\\src\\Illuminate\\Container\\Container.php(576): Illuminate\\Container\\BoundMethod::call(Object(Illuminate\\Foundation\\Application), Array, Array, NULL)
#18 C:\\xampp\\htdocs\\uberclone\\vendor\\laravel\\framework\\src\\Illuminate\\Console\\Command.php(183): Illuminate\\Container\\Container->call(Array)
#19 C:\\xampp\\htdocs\\uberclone\\vendor\\symfony\\console\\Command\\Command.php(255): Illuminate\\Console\\Command->execute(Object(Symfony\\Component\\Console\\Input\\ArgvInput), Object(Illuminate\\Console\\OutputStyle))
#20 C:\\xampp\\htdocs\\uberclone\\vendor\\laravel\\framework\\src\\Illuminate\\Console\\Command.php(170): Symfony\\Component\\Console\\Command\\Command->run(Object(Symfony\\Component\\Console\\Input\\ArgvInput), Object(Illuminate\\Console\\OutputStyle))
#21 C:\\xampp\\htdocs\\uberclone\\vendor\\symfony\\console\\Application.php(921): Illuminate\\Console\\Command->run(Object(Symfony\\Component\\Console\\Input\\ArgvInput), Object(Symfony\\Component\\Console\\Output\\ConsoleOutput))
#22 C:\\xampp\\htdocs\\uberclone\\vendor\\symfony\\console\\Application.php(273): Symfony\\Component\\Console\\Application->doRunCommand(Object(Illuminate\\Database\\Console\\Migrations\\MigrateCommand), Object(Symfony\\Component\\Console\\Input\\ArgvInput), Object(Symfony\\Component\\Console\\Output\\ConsoleOutput))
#23 C:\\xampp\\htdocs\\uberclone\\vendor\\symfony\\console\\Application.php(149): Symfony\\Component\\Console\\Application->doRun(Object(Symfony\\Component\\Console\\Input\\ArgvInput), Object(Symfony\\Component\\Console\\Output\\ConsoleOutput))
#24 C:\\xampp\\htdocs\\uberclone\\vendor\\laravel\\framework\\src\\Illuminate\\Console\\Application.php(90): Symfony\\Component\\Console\\Application->run(Object(Symfony\\Component\\Console\\Input\\ArgvInput), Object(Symfony\\Component\\Console\\Output\\ConsoleOutput))
#25 C:\\xampp\\htdocs\\uberclone\\vendor\\laravel\\framework\\src\\Illuminate\\Foundation\\Console\\Kernel.php(133): Illuminate\\Console\\Application->run(Object(Symfony\\Component\\Console\\Input\\ArgvInput), Object(Symfony\\Component\\Console\\Output\\ConsoleOutput))
#26 C:\\xampp\\htdocs\\uberclone\\artisan(37): Illuminate\\Foundation\\Console\\Kernel->handle(Object(Symfony\\Component\\Console\\Input\\ArgvInput), Object(Symfony\\Component\\Console\\Output\\ConsoleOutput))
#27 {main}
"} 
